This is pdfTeX, Version 3.14159265-2.6-1.40.21 (MiKTeX 2.9.7400 64-bit) (preloaded format=pdflatex 2020.5.16)  29 JUN 2020 17:25
entering extended mode
**./consulting_master.tex
(consulting_master.tex
LaTeX2e <2020-02-02> patch level 5
L3 programming layer <2020-04-06>
("C:\Users\Simon\AppData\Local\Programs\MiKTeX 2.9\tex/latex/base\article.cls"
Document Class: article 2019/12/20 v1.4l Standard LaTeX document class
("C:\Users\Simon\AppData\Local\Programs\MiKTeX 2.9\tex/latex/base\size12.clo"
File: size12.clo 2019/12/20 v1.4l Standard LaTeX file (size option)
)
\c@part=\count167
\c@section=\count168
\c@subsection=\count169
\c@subsubsection=\count170
\c@paragraph=\count171
\c@subparagraph=\count172
\c@figure=\count173
\c@table=\count174
\abovecaptionskip=\skip47
\belowcaptionskip=\skip48
\bibindent=\dimen134
) ("C:\Users\Simon\AppData\Local\Programs\MiKTeX 2.9\tex/latex/base\fontenc.sty
"
Package: fontenc 2020/02/11 v2.0o Standard LaTeX package
)
("C:\Users\Simon\AppData\Local\Programs\MiKTeX 2.9\tex/latex/geometry\geometry.
sty"
Package: geometry 2020/01/02 v5.9 Page Geometry

("C:\Users\Simon\AppData\Local\Programs\MiKTeX 2.9\tex/latex/graphics\keyval.st
y"
Package: keyval 2014/10/28 v1.15 key=value parser (DPC)
\KV@toks@=\toks15
)
("C:\Users\Simon\AppData\Local\Programs\MiKTeX 2.9\tex/generic/iftex\ifvtex.sty
"
Package: ifvtex 2019/10/25 v1.7 ifvtex legacy package. Use iftex instead.
 ("C:\Users\Simon\AppData\Local\Programs\MiKTeX 2.9\tex/generic/iftex\iftex.sty
"
Package: iftex 2020/03/06 v1.0d TeX engine tests
))
\Gm@cnth=\count175
\Gm@cntv=\count176
\c@Gm@tempcnt=\count177
\Gm@bindingoffset=\dimen135
\Gm@wd@mp=\dimen136
\Gm@odd@mp=\dimen137
\Gm@even@mp=\dimen138
\Gm@layoutwidth=\dimen139
\Gm@layoutheight=\dimen140
\Gm@layouthoffset=\dimen141
\Gm@layoutvoffset=\dimen142
\Gm@dimlist=\toks16

("C:\Users\Simon\AppData\Local\Programs\MiKTeX 2.9\tex/latex/geometry\geometry.
cfg"))
("C:\Users\Simon\AppData\Local\Programs\MiKTeX 2.9\tex/latex/graphics\graphicx.
sty"
Package: graphicx 2019/11/30 v1.2a Enhanced LaTeX Graphics (DPC,SPQR)

("C:\Users\Simon\AppData\Local\Programs\MiKTeX 2.9\tex/latex/graphics\graphics.
sty"
Package: graphics 2019/11/30 v1.4a Standard LaTeX Graphics (DPC,SPQR)

("C:\Users\Simon\AppData\Local\Programs\MiKTeX 2.9\tex/latex/graphics\trig.sty"
Package: trig 2016/01/03 v1.10 sin cos tan (DPC)
)
("C:\Users\Simon\AppData\Local\Programs\MiKTeX 2.9\tex/latex/graphics-cfg\graph
ics.cfg"
File: graphics.cfg 2016/06/04 v1.11 sample graphics configuration
)
Package graphics Info: Driver file: pdftex.def on input line 105.

("C:\Users\Simon\AppData\Local\Programs\MiKTeX 2.9\tex/latex/graphics-def\pdfte
x.def"
File: pdftex.def 2018/01/08 v1.0l Graphics/color driver for pdftex
))
\Gin@req@height=\dimen143
\Gin@req@width=\dimen144
)
("C:\Users\Simon\AppData\Local\Programs\MiKTeX 2.9\tex/latex/caption\subcaption
.sty"
Package: subcaption 2020/01/22 v1.3d Sub-captions (AR)

("C:\Users\Simon\AppData\Local\Programs\MiKTeX 2.9\tex/latex/caption\caption.st
y"
Package: caption 2020/05/10 v3.4j Customizing captions (AR)

("C:\Users\Simon\AppData\Local\Programs\MiKTeX 2.9\tex/latex/caption\caption3.s
ty"
Package: caption3 2020/05/10 v1.11 caption3 kernel (AR)
Package caption3 Info: TeX engine: e-TeX on input line 61.
\captionmargin=\dimen145
\captionmargin@=\dimen146
\captionwidth=\dimen147
\caption@tempdima=\dimen148
\caption@indent=\dimen149
\caption@parindent=\dimen150
\caption@hangindent=\dimen151
Package caption Info: Standard document class detected.
)
\c@caption@flags=\count178
\c@continuedfloat=\count179
)
\c@subfigure=\count180
\c@subtable=\count181
)
("C:\Users\Simon\AppData\Local\Programs\MiKTeX 2.9\tex/latex/setspace\setspace.
sty"
Package: setspace 2011/12/19 v6.7a set line spacing
)
("C:\Users\Simon\AppData\Local\Programs\MiKTeX 2.9\tex/latex/amsmath\amsmath.st
y"
Package: amsmath 2020/01/20 v2.17e AMS math features
\@mathmargin=\skip49

For additional information on amsmath, use the `?' option.

("C:\Users\Simon\AppData\Local\Programs\MiKTeX 2.9\tex/latex/amsmath\amstext.st
y"
Package: amstext 2000/06/29 v2.01 AMS text

("C:\Users\Simon\AppData\Local\Programs\MiKTeX 2.9\tex/latex/amsmath\amsgen.sty
"
File: amsgen.sty 1999/11/30 v2.0 generic functions
\@emptytoks=\toks17
\ex@=\dimen152
))
("C:\Users\Simon\AppData\Local\Programs\MiKTeX 2.9\tex/latex/amsmath\amsbsy.sty
"
Package: amsbsy 1999/11/29 v1.2d Bold Symbols
\pmbraise@=\dimen153
)
("C:\Users\Simon\AppData\Local\Programs\MiKTeX 2.9\tex/latex/amsmath\amsopn.sty
"
Package: amsopn 2016/03/08 v2.02 operator names
)
\inf@bad=\count182
LaTeX Info: Redefining \frac on input line 227.
\uproot@=\count183
\leftroot@=\count184
LaTeX Info: Redefining \overline on input line 389.
\classnum@=\count185
\DOTSCASE@=\count186
LaTeX Info: Redefining \ldots on input line 486.
LaTeX Info: Redefining \dots on input line 489.
LaTeX Info: Redefining \cdots on input line 610.
\Mathstrutbox@=\box45
\strutbox@=\box46
\big@size=\dimen154
LaTeX Font Info:    Redeclaring font encoding OML on input line 733.
LaTeX Font Info:    Redeclaring font encoding OMS on input line 734.
\macc@depth=\count187
\c@MaxMatrixCols=\count188
\dotsspace@=\muskip16
\c@parentequation=\count189
\dspbrk@lvl=\count190
\tag@help=\toks18
\row@=\count191
\column@=\count192
\maxfields@=\count193
\andhelp@=\toks19
\eqnshift@=\dimen155
\alignsep@=\dimen156
\tagshift@=\dimen157
\tagwidth@=\dimen158
\totwidth@=\dimen159
\lineht@=\dimen160
\@envbody=\toks20
\multlinegap=\skip50
\multlinetaggap=\skip51
\mathdisplay@stack=\toks21
LaTeX Info: Redefining \[ on input line 2859.
LaTeX Info: Redefining \] on input line 2860.
)
("C:\Users\Simon\AppData\Local\Programs\MiKTeX 2.9\tex/latex/amsfonts\amsfonts.
sty"
Package: amsfonts 2013/01/14 v3.01 Basic AMSFonts support
\symAMSa=\mathgroup4
\symAMSb=\mathgroup5
LaTeX Font Info:    Redeclaring math symbol \hbar on input line 98.
LaTeX Font Info:    Overwriting math alphabet `\mathfrak' in version `bold'
(Font)                  U/euf/m/n --> U/euf/b/n on input line 106.
)
("C:\Users\Simon\AppData\Local\Programs\MiKTeX 2.9\tex/latex/amsfonts\amssymb.s
ty"
Package: amssymb 2013/01/14 v3.01 AMS font symbols
)
("C:\Users\Simon\AppData\Local\Programs\MiKTeX 2.9\tex/latex/amscls\amsthm.sty"
Package: amsthm 2020/05/29 v2.20.6
\thm@style=\toks22
\thm@bodyfont=\toks23
\thm@headfont=\toks24
\thm@notefont=\toks25
\thm@headpunct=\toks26
\thm@preskip=\skip52
\thm@postskip=\skip53
\thm@headsep=\skip54
\dth@everypar=\toks27
) ("C:\Users\Simon\AppData\Local\Programs\MiKTeX 2.9\tex/latex/tools\bm.sty"
Package: bm 2019/07/24 v1.2d Bold Symbol Support (DPC/FMi)
\symboldoperators=\mathgroup6
\symboldletters=\mathgroup7
\symboldsymbols=\mathgroup8
LaTeX Font Info:    Redeclaring math alphabet \mathbf on input line 141.
LaTeX Info: Redefining \bm on input line 209.
)
("C:\Users\Simon\AppData\Local\Programs\MiKTeX 2.9\tex/latex/commath\commath.st
y" ("C:\Users\Simon\AppData\Local\Programs\MiKTeX 2.9\tex/latex/base\ifthen.sty
"
Package: ifthen 2014/09/29 v1.1c Standard LaTeX ifthen package (DPC)
))
("C:\Users\Simon\AppData\Local\Programs\MiKTeX 2.9\tex/latex/tools\enumerate.st
y"
Package: enumerate 2015/07/23 v3.00 enumerate extensions (DPC)
\@enLab=\toks28
)
("C:\Users\Simon\AppData\Local\Programs\MiKTeX 2.9\tex/latex/accents\accents.st
y"
Package: accents 2006/05/12 v1.4 Math Accent Tools
\cc@skew=\dimen161
\cc@wd=\dimen162
\cc@code=\count194
\cc@group=\count195
\cc@skewchar=\count196
)
("C:\Users\Simon\AppData\Local\Programs\MiKTeX 2.9\tex/latex/enumitem\enumitem.
sty"
Package: enumitem 2019/06/20 v3.9 Customized lists
\labelindent=\skip55
\enit@outerparindent=\dimen163
\enit@toks=\toks29
\enit@inbox=\box47
\enit@count@id=\count197
\enitdp@description=\count198
)
("C:\Users\Simon\AppData\Local\Programs\MiKTeX 2.9\tex/latex/doublestroke\dsfon
t.sty"
Package: dsfont 1995/08/01 v0.1 Double stroke roman fonts
)
("C:\Users\Simon\AppData\Local\Programs\MiKTeX 2.9\tex/latex/mathtools\mathtool
s.sty"
Package: mathtools 2020/03/24 v1.24 mathematical typesetting tools

("C:\Users\Simon\AppData\Local\Programs\MiKTeX 2.9\tex/latex/tools\calc.sty"
Package: calc 2017/05/25 v4.3 Infix arithmetic (KKT,FJ)
\calc@Acount=\count199
\calc@Bcount=\count266
\calc@Adimen=\dimen164
\calc@Bdimen=\dimen165
\calc@Askip=\skip56
\calc@Bskip=\skip57
LaTeX Info: Redefining \setlength on input line 80.
LaTeX Info: Redefining \addtolength on input line 81.
\calc@Ccount=\count267
\calc@Cskip=\skip58
)
("C:\Users\Simon\AppData\Local\Programs\MiKTeX 2.9\tex/latex/mathtools\mhsetup.
sty"
Package: mhsetup 2017/03/31 v1.3 programming setup (MH)
)
LaTeX Info: Thecontrolsequence`\('isalreadyrobust on input line 130.
LaTeX Info: Thecontrolsequence`\)'isalreadyrobust on input line 130.
LaTeX Info: Thecontrolsequence`\['isalreadyrobust on input line 130.
LaTeX Info: Thecontrolsequence`\]'isalreadyrobust on input line 130.
\g_MT_multlinerow_int=\count268
\l_MT_multwidth_dim=\dimen166
\origjot=\skip59
\l_MT_shortvdotswithinadjustabove_dim=\dimen167
\l_MT_shortvdotswithinadjustbelow_dim=\dimen168
\l_MT_above_intertext_sep=\dimen169
\l_MT_below_intertext_sep=\dimen170
\l_MT_above_shortintertext_sep=\dimen171
\l_MT_below_shortintertext_sep=\dimen172
\xmathstrut@box=\box48
\xmathstrut@dim=\dimen173
)
("C:\Users\Simon\AppData\Local\Programs\MiKTeX 2.9\tex/latex/physics\physics.st
y"
Package: physics 

("C:\Users\Simon\AppData\Local\Programs\MiKTeX 2.9\tex/latex/l3packages/xparse\
xparse.sty"
("C:\Users\Simon\AppData\Local\Programs\MiKTeX 2.9\tex/latex/l3kernel\expl3.sty
"
Package: expl3 2020-04-06 L3 programming layer (loader) 

("C:\Users\Simon\AppData\Local\Programs\MiKTeX 2.9\tex/latex/l3backend\l3backen
d-pdfmode.def"
File: l3backend-pdfmode.def 2020-03-12 L3 backend support: PDF mode
\l__kernel_color_stack_int=\count269
\l__pdf_internal_box=\box49
))
Package: xparse 2020-03-06 L3 Experimental document command parser
\l__xparse_current_arg_int=\count270
\g__xparse_grabber_int=\count271
\l__xparse_m_args_int=\count272
\l__xparse_v_nesting_int=\count273
))
("C:\Users\Simon\AppData\Local\Programs\MiKTeX 2.9\tex/latex/cite\cite.sty"
LaTeX Info: Redefining \cite on input line 302.
LaTeX Info: Redefining \nocite on input line 332.
Package: cite 2015/02/27  v 5.5
)
("C:\Users\Simon\AppData\Local\Programs\MiKTeX 2.9\tex/latex/natbib\natbib.sty"
Package: natbib 2010/09/13 8.31b (PWD, AO)

Package natbib Warning: The `cite' package should not be used
(natbib)                with natbib. Use option `sort' instead.

\bibhang=\skip60
\bibsep=\skip61
LaTeX Info: Redefining \cite on input line 694.
LaTeX Info: Redefining \citenum on input line 708.
\c@NAT@ctr=\count274
) ("C:\Users\Simon\AppData\Local\Programs\MiKTeX 2.9\tex/latex/float\float.sty"
Package: float 2001/11/08 v1.3d Float enhancements (AL)
\c@float@type=\count275
\float@exts=\toks30
\float@box=\box50
\@float@everytoks=\toks31
\@floatcapt=\box51
) (consulting_master.aux (kapitel/1_introduction.aux)
(kapitel/2_theoretical_framework.aux) (kapitel/3_data.aux)
(kapitel/4_1-3_global_analysis.aux) (kapitel/4_4_covariate_analysis.aux

LaTeX Warning: Label `fig:coffee' multiply defined.


LaTeX Warning: Label `fig:coffee' multiply defined.

) (kapitel/4_5_topical_content.aux) (kapitel/4_6_ctm.aux)
(kapitel/4_7_train_test.aux)

LaTeX Warning: Label `fig:coffee' multiply defined.


LaTeX Warning: Label `fig:coffee' multiply defined.


LaTeX Warning: Label `fig:boat1' multiply defined.


LaTeX Warning: Label `fig:coffee' multiply defined.

)
\openout1 = `consulting_master.aux'.

LaTeX Font Info:    Checking defaults for OML/cmm/m/it on input line 49.
LaTeX Font Info:    ... okay on input line 49.
LaTeX Font Info:    Checking defaults for OMS/cmsy/m/n on input line 49.
LaTeX Font Info:    ... okay on input line 49.
LaTeX Font Info:    Checking defaults for OT1/cmr/m/n on input line 49.
LaTeX Font Info:    ... okay on input line 49.
LaTeX Font Info:    Checking defaults for T1/cmr/m/n on input line 49.
LaTeX Font Info:    ... okay on input line 49.
LaTeX Font Info:    Checking defaults for TS1/cmr/m/n on input line 49.
LaTeX Font Info:    ... okay on input line 49.
LaTeX Font Info:    Checking defaults for OMX/cmex/m/n on input line 49.
LaTeX Font Info:    ... okay on input line 49.
LaTeX Font Info:    Checking defaults for U/cmr/m/n on input line 49.
LaTeX Font Info:    ... okay on input line 49.

*geometry* driver: auto-detecting
*geometry* detected driver: pdftex
*geometry* verbose mode - [ preamble ] result:
* driver: pdftex
* paper: <default>
* layout: <same size as paper>
* layoutoffset:(h,v)=(0.0pt,0.0pt)
* modes: 
* h-part:(L,W,R)=(71.13188pt, 472.03123pt, 71.13188pt)
* v-part:(T,H,B)=(56.9055pt, 681.15898pt, 56.9055pt)
* \paperwidth=614.295pt
* \paperheight=794.96999pt
* \textwidth=472.03123pt
* \textheight=681.15898pt
* \oddsidemargin=-1.1381pt
* \evensidemargin=-1.1381pt
* \topmargin=-52.36449pt
* \headheight=12.0pt
* \headsep=25.0pt
* \topskip=12.0pt
* \footskip=30.0pt
* \marginparwidth=44.0pt
* \marginparsep=10.0pt
* \columnsep=10.0pt
* \skip\footins=10.8pt plus 4.0pt minus 2.0pt
* \hoffset=0.0pt
* \voffset=0.0pt
* \mag=1000
* \@twocolumnfalse
* \@twosidefalse
* \@mparswitchfalse
* \@reversemarginfalse
* (1in=72.27pt=25.4mm, 1cm=28.453pt)


("C:\Users\Simon\AppData\Local\Programs\MiKTeX 2.9\tex/context/base/mkii\supp-p
df.mkii"
[Loading MPS to PDF converter (version 2006.09.02).]
\scratchcounter=\count276
\scratchdimen=\dimen174
\scratchbox=\box52
\nofMPsegments=\count277
\nofMParguments=\count278
\everyMPshowfont=\toks32
\MPscratchCnt=\count279
\MPscratchDim=\dimen175
\MPnumerator=\count280
\makeMPintoPDFobject=\count281
\everyMPtoPDFconversion=\toks33
)
("C:\Users\Simon\AppData\Local\Programs\MiKTeX 2.9\tex/latex/epstopdf-pkg\epsto
pdf-base.sty"
Package: epstopdf-base 2020-01-24 v2.11 Base part for package epstopdf
Package epstopdf-base Info: Redefining graphics rule for `.eps' on input line 4
85.
)
Package caption Info: Begin \AtBeginDocument code.
Package caption Info: float package is loaded.
Package caption Info: End \AtBeginDocument code.
 [1

{C:/Users/Simon/AppData/Local/MiKTeX/2.9/pdftex/config/pdftex.map}] (consulting
_master.toc
LaTeX Font Info:    Trying to load font information for U+msa on input line 3.

("C:\Users\Simon\AppData\Local\Programs\MiKTeX 2.9\tex/latex/amsfonts\umsa.fd"
File: umsa.fd 2013/01/14 v3.01 AMS symbols A
)
LaTeX Font Info:    Trying to load font information for U+msb on input line 3.
("C:\Users\Simon\AppData\Local\Programs\MiKTeX 2.9\tex/latex/amsfonts\umsb.fd"
File: umsb.fd 2013/01/14 v3.01 AMS symbols B
))
\tf@toc=\write3
\openout3 = `consulting_master.toc'.

 [1]
\openout2 = `./kapitel/1_introduction.aux'.

 (kapitel/1_introduction.tex) [2

] [3]
\openout2 = `./kapitel/2_theoretical_framework.aux'.

 (kapitel/2_theoretical_framework.tex [4


] [5] [6] [7] [8]
<../plots/2/stm_graphical.png, id=66, 822.07124pt x 325.215pt>
File: ../plots/2/stm_graphical.png Graphic file (type png)
<use ../plots/2/stm_graphical.png>
Package pdftex.def Info: ../plots/2/stm_graphical.png  used on input line 137.
(pdftex.def)             Requested size: 411.0346pt x 162.6071pt.


LaTeX Warning: `!h' float specifier changed to `!ht'.

[9] [10 <../plots/2/stm_graphical.png>]
Overfull \hbox (1.01865pt too wide) detected at line 161
[]
 []

[11] [12]) [13]
\openout2 = `./kapitel/3_data.aux'.

 (kapitel/3_data.tex [14


]
Overfull \hbox (76.49449pt too wide) in paragraph at lines 11--12
\T1/cmr/m/n/12 level for all of the 299 elec-toral dis-tricts from the of-fi-ci
al elec-toral web-site (https://www.bundeswahlleiter.de).
 []

<../plots/3/monthly_tweets.pdf, id=88, 578.16pt x 443.6575pt>
File: ../plots/3/monthly_tweets.pdf Graphic file (type pdf)
<use ../plots/3/monthly_tweets.pdf>
Package pdftex.def Info: ../plots/3/monthly_tweets.pdf  used on input line 18.
(pdftex.def)             Requested size: 289.07928pt x 221.8282pt.

LaTeX Warning: `!h' float specifier changed to `!ht'.

[15] [16 <../plots/3/monthly_tweets.pdf>]) [17]
\openout2 = `./kapitel/4_1-3_global_analysis.aux'.


(kapitel/4_1-3_global_analysis.tex [18


]
Overfull \hbox (1.64722pt too wide) in paragraph at lines 18--20
\T1/cmr/m/n/12 Combining a word's fre-quency and ex-clu-siv-ity fi-nally yields
 its Frequency-Exclusivity (\T1/cmr/m/it/12 FREX\T1/cmr/m/n/12 )
 []

[19]
<../plots/4_1/searchK.pdf, id=119, 578.16pt x 443.6575pt>
File: ../plots/4_1/searchK.pdf Graphic file (type pdf)
<use ../plots/4_1/searchK.pdf>
Package pdftex.def Info: ../plots/4_1/searchK.pdf  used on input line 30.
(pdftex.def)             Requested size: 289.07928pt x 221.8282pt.
 [20 <../plots/4_1/searchK.pdf>]
Overfull \hbox (18.37822pt too wide) detected at line 44
[]
 []


Underfull \hbox (badness 10000) in paragraph at lines 62--78

 []

[21]
<../plots/4_2/t1_wordcloud.pdf, id=140, 578.16pt x 443.6575pt>
File: ../plots/4_2/t1_wordcloud.pdf Graphic file (type pdf)
<use ../plots/4_2/t1_wordcloud.pdf>
Package pdftex.def Info: ../plots/4_2/t1_wordcloud.pdf  used on input line 85.
(pdftex.def)             Requested size: 289.07928pt x 221.8282pt.
 [22 <../plots/4_2/t1_wordcloud.pdf>]
Overfull \hbox (1.25314pt too wide) in paragraph at lines 93--96
\T1/cmr/m/it/12 "Ehem. Ver-fas-sungsrichter bestätigt AfD-Forderung: Zurück-wei
sung il-le-galer Mi-granten drin-
 []

[23]
<../plots/4_3/global_thetas.pdf, id=155, 578.16pt x 443.6575pt>
File: ../plots/4_3/global_thetas.pdf Graphic file (type pdf)
<use ../plots/4_3/global_thetas.pdf>
Package pdftex.def Info: ../plots/4_3/global_thetas.pdf  used on input line 138
.
(pdftex.def)             Requested size: 289.07928pt x 221.8282pt.
<../plots/4_3/vocabulary_comparison.pdf, id=156, 578.16pt x 443.6575pt>
File: ../plots/4_3/vocabulary_comparison.pdf Graphic file (type pdf)
<use ../plots/4_3/vocabulary_comparison.pdf>
Package pdftex.def Info: ../plots/4_3/vocabulary_comparison.pdf  used on input 
line 148.
(pdftex.def)             Requested size: 289.07928pt x 221.8282pt.


LaTeX Warning: `!h' float specifier changed to `!ht'.

[24 <../plots/4_3/global_thetas.pdf>]
<../plots/4_3/topic_correlations.pdf, id=175, 675.52374pt x 372.39125pt>
File: ../plots/4_3/topic_correlations.pdf Graphic file (type pdf)
<use ../plots/4_3/topic_correlations.pdf>
Package pdftex.def Info: ../plots/4_3/topic_correlations.pdf  used on input lin
e 159.
(pdftex.def)             Requested size: 188.8096pt x 104.08131pt.
<../plots/4_3/topic_correlations_map.pdf, id=176, 497.86pt x 382.42876pt>
File: ../plots/4_3/topic_correlations_map.pdf Graphic file (type pdf)
<use ../plots/4_3/topic_correlations_map.pdf>
Package pdftex.def Info: ../plots/4_3/topic_correlations_map.pdf  used on input
 line 162.
(pdftex.def)             Requested size: 188.8096pt x 145.03265pt.
) [25 <../plots/4_3/vocabulary_comparison.pdf> <../plots/4_3/topic_correlations
.pdf

pdfTeX warning: pdflatex (file ../plots/4_3/topic_correlations.pdf): PDF inclus
ion: multiple pdfs with page group included in a single page
> <../plots/4_3/topic_correlations_map.pdf

pdfTeX warning: pdflatex (file ../plots/4_3/topic_correlations_map.pdf): PDF in
clusion: multiple pdfs with page group included in a single page
>]
\openout2 = `./kapitel/4_4_covariate_analysis.aux'.

 (kapitel/4_4_covariate_analysis.tex [26


] [27]
<../plots/4_4/estEffect_topic1.pdf, id=216, 497.86pt x 382.42876pt>
File: ../plots/4_4/estEffect_topic1.pdf Graphic file (type pdf)
<use ../plots/4_4/estEffect_topic1.pdf>
Package pdftex.def Info: ../plots/4_4/estEffect_topic1.pdf  used on input line 
51.
(pdftex.def)             Requested size: 188.8096pt x 145.03265pt.
<../plots/4_4/estEffect_topic6.pdf, id=217, 497.86pt x 382.42876pt>
File: ../plots/4_4/estEffect_topic6.pdf Graphic file (type pdf)
<use ../plots/4_4/estEffect_topic6.pdf>
Package pdftex.def Info: ../plots/4_4/estEffect_topic6.pdf  used on input line 
54.
(pdftex.def)             Requested size: 188.8096pt x 145.03265pt.
 [28 <../plots/4_4/estEffect_topic1.pdf> <../plots/4_4/estEffect_topic6.pdf

pdfTeX warning: pdflatex (file ../plots/4_4/estEffect_topic6.pdf): PDF inclusio
n: multiple pdfs with page group included in a single page
>]
<../plots/4_4/quasi_t4_cont.pdf, id=250, 497.86pt x 382.42876pt>
File: ../plots/4_4/quasi_t4_cont.pdf Graphic file (type pdf)
<use ../plots/4_4/quasi_t4_cont.pdf>
Package pdftex.def Info: ../plots/4_4/quasi_t4_cont.pdf  used on input line 81.

(pdftex.def)             Requested size: 231.2979pt x 177.66997pt.
<../plots/4_4/quasi_t6_cont.pdf, id=251, 497.86pt x 382.42876pt>
File: ../plots/4_4/quasi_t6_cont.pdf Graphic file (type pdf)
<use ../plots/4_4/quasi_t6_cont.pdf>
Package pdftex.def Info: ../plots/4_4/quasi_t6_cont.pdf  used on input line 84.

(pdftex.def)             Requested size: 231.2979pt x 177.66997pt.


LaTeX Warning: `!h' float specifier changed to `!ht'.

<../plots/4_4/quasi_t4_cat.pdf, id=252, 497.86pt x 382.42876pt>
File: ../plots/4_4/quasi_t4_cat.pdf Graphic file (type pdf)
<use ../plots/4_4/quasi_t4_cat.pdf>
Package pdftex.def Info: ../plots/4_4/quasi_t4_cat.pdf  used on input line 94.
(pdftex.def)             Requested size: 231.2979pt x 177.66997pt.
<../plots/4_4/quasi_t6_cat.pdf, id=253, 497.86pt x 382.42876pt>
File: ../plots/4_4/quasi_t6_cat.pdf Graphic file (type pdf)
<use ../plots/4_4/quasi_t6_cat.pdf>
Package pdftex.def Info: ../plots/4_4/quasi_t6_cat.pdf  used on input line 97.
(pdftex.def)             Requested size: 231.2979pt x 177.66997pt.

LaTeX Warning: `!h' float specifier changed to `!ht'.

[29] [30 <../plots/4_4/quasi_t4_cont.pdf> <../plots/4_4/quasi_t6_cont.pdf

pdfTeX warning: pdflatex (file ../plots/4_4/quasi_t6_cont.pdf): PDF inclusion: 
multiple pdfs with page group included in a single page
> <../plots/4_4/quasi_t4_cat.pdf

pdfTeX warning: pdflatex (file ../plots/4_4/quasi_t4_cat.pdf): PDF inclusion: m
ultiple pdfs with page group included in a single page
> <../plots/4_4/quasi_t6_cat.pdf

pdfTeX warning: pdflatex (file ../plots/4_4/quasi_t6_cat.pdf): PDF inclusion: m
ultiple pdfs with page group included in a single page
>]
<../plots/4_4/quasi_t146_cat.pdf, id=314, 578.16pt x 443.6575pt>
File: ../plots/4_4/quasi_t146_cat.pdf Graphic file (type pdf)
<use ../plots/4_4/quasi_t146_cat.pdf>
Package pdftex.def Info: ../plots/4_4/quasi_t146_cat.pdf  used on input line 11
6.
(pdftex.def)             Requested size: 289.07928pt x 221.8282pt.

Overfull \hbox (0.55699pt too wide) in paragraph at lines 123--124
\T1/cmr/m/n/12 pro-por-tions fol-low a lo-gis-tic nor-mal dis-tri-bu-tion, such
 that $\OML/cmm/m/it/12 [] \OMS/cmsy/m/n/12  [][]\OT1/cmr/m/n/12 ( []\OML/cmm
/m/it/12 x[]; \OT1/cmr/m/n/12 )$\T1/cmr/m/n/12 .
 []

[31 <../plots/4_4/quasi_t146_cat.pdf>]
<../plots/4_4/direct_t6_without_credible.pdf, id=332, 497.86pt x 382.42876pt>
File: ../plots/4_4/direct_t6_without_credible.pdf Graphic file (type pdf)
<use ../plots/4_4/direct_t6_without_credible.pdf>
Package pdftex.def Info: ../plots/4_4/direct_t6_without_credible.pdf  used on i
nput line 143.
(pdftex.def)             Requested size: 141.61081pt x 108.7774pt.
<../plots/4_4/direct_t6_with_credible.pdf, id=333, 497.86pt x 382.42876pt>
File: ../plots/4_4/direct_t6_with_credible.pdf Graphic file (type pdf)
<use ../plots/4_4/direct_t6_with_credible.pdf>
Package pdftex.def Info: ../plots/4_4/direct_t6_with_credible.pdf  used on inpu
t line 146.
(pdftex.def)             Requested size: 141.61081pt x 108.7774pt.
<../plots/4_4/direct_t6_cat.pdf, id=334, 543.02875pt x 331.2375pt>
File: ../plots/4_4/direct_t6_cat.pdf Graphic file (type pdf)
<use ../plots/4_4/direct_t6_cat.pdf>
Package pdftex.def Info: ../plots/4_4/direct_t6_cat.pdf  used on input line 149
.
(pdftex.def)             Requested size: 141.61081pt x 86.37747pt.
 [32 <../plots/4_4/direct_t6_without_credible.pdf> <../plots/4_4/direct_t6_with
_credible.pdf

pdfTeX warning: pdflatex (file ../plots/4_4/direct_t6_with_credible.pdf): PDF i
nclusion: multiple pdfs with page group included in a single page
> <../plots/4_4/direct_t6_cat.pdf

pdfTeX warning: pdflatex (file ../plots/4_4/direct_t6_cat.pdf): PDF inclusion: 
multiple pdfs with page group included in a single page
>]) [33]
\openout2 = `./kapitel/4_5_topical_content.aux'.

 (kapitel/4_5_topical_content.tex

LaTeX Warning: `!h' float specifier changed to `!ht'.

[34


]
<../plots/4_5/t8_vocab_parties.pdf, id=385, 578.16pt x 443.6575pt>
File: ../plots/4_5/t8_vocab_parties.pdf Graphic file (type pdf)
<use ../plots/4_5/t8_vocab_parties.pdf>
Package pdftex.def Info: ../plots/4_5/t8_vocab_parties.pdf  used on input line 
41.
(pdftex.def)             Requested size: 289.07928pt x 221.8282pt.
) [35 <../plots/4_5/t8_vocab_parties.pdf>] [36]
\openout2 = `./kapitel/4_6_ctm.aux'.

 (kapitel/4_6_ctm.tex
[37


]
<../plots/4_6/quasi_t4_cont_ctm.pdf, id=404, 497.86pt x 382.42876pt>
File: ../plots/4_6/quasi_t4_cont_ctm.pdf Graphic file (type pdf)
<use ../plots/4_6/quasi_t4_cont_ctm.pdf>
Package pdftex.def Info: ../plots/4_6/quasi_t4_cont_ctm.pdf  used on input line
 14.
(pdftex.def)             Requested size: 188.8096pt x 145.03265pt.
<../plots/4_6/quasi_t6_cont_ctm.pdf, id=405, 497.86pt x 382.42876pt>
File: ../plots/4_6/quasi_t6_cont_ctm.pdf Graphic file (type pdf)
<use ../plots/4_6/quasi_t6_cont_ctm.pdf>
Package pdftex.def Info: ../plots/4_6/quasi_t6_cont_ctm.pdf  used on input line
 17.
(pdftex.def)             Requested size: 188.8096pt x 145.03265pt.
<../plots/4_6/quasi_t4_cat_ctm.pdf, id=406, 497.86pt x 382.42876pt>
File: ../plots/4_6/quasi_t4_cat_ctm.pdf Graphic file (type pdf)
<use ../plots/4_6/quasi_t4_cat_ctm.pdf>
Package pdftex.def Info: ../plots/4_6/quasi_t4_cat_ctm.pdf  used on input line 
28.
(pdftex.def)             Requested size: 188.8096pt x 145.03265pt.
<../plots/4_6/quasi_t6_cat_ctm.pdf, id=407, 497.86pt x 382.42876pt>
File: ../plots/4_6/quasi_t6_cat_ctm.pdf Graphic file (type pdf)
<use ../plots/4_6/quasi_t6_cat_ctm.pdf>
Package pdftex.def Info: ../plots/4_6/quasi_t6_cat_ctm.pdf  used on input line 
31.
(pdftex.def)             Requested size: 188.8096pt x 145.03265pt.


LaTeX Warning: `!h' float specifier changed to `!ht'.

[38 <../plots/4_6/quasi_t4_cont_ctm.pdf> <../plots/4_6/quasi_t6_cont_ctm.pdf

pdfTeX warning: pdflatex (file ../plots/4_6/quasi_t6_cont_ctm.pdf): PDF inclusi
on: multiple pdfs with page group included in a single page
>]
<../plots/4_6/quasi_t146_cat_ctm.pdf, id=438, 578.16pt x 443.6575pt>
File: ../plots/4_6/quasi_t146_cat_ctm.pdf Graphic file (type pdf)
<use ../plots/4_6/quasi_t146_cat_ctm.pdf>
Package pdftex.def Info: ../plots/4_6/quasi_t146_cat_ctm.pdf  used on input lin
e 43.
(pdftex.def)             Requested size: 472.03123pt x 362.21739pt.


LaTeX Warning: `!h' float specifier changed to `!ht'.

) [39 <../plots/4_6/quasi_t4_cat_ctm.pdf> <../plots/4_6/quasi_t6_cat_ctm.pdf

pdfTeX warning: pdflatex (file ../plots/4_6/quasi_t6_cat_ctm.pdf): PDF inclusio
n: multiple pdfs with page group included in a single page
>] [40 <../plots/4_6/quasi_t146_cat_ctm.pdf>]
\openout2 = `./kapitel/4_7_train_test.aux'.

 (kapitel/4_7_train_test.tex
[41


] [42]
<../plots/4_7/climate_summit_props.pdf, id=494, 512.91624pt x 359.3425pt>
File: ../plots/4_7/climate_summit_props.pdf Graphic file (type pdf)
<use ../plots/4_7/climate_summit_props.pdf>
Package pdftex.def Info: ../plots/4_7/climate_summit_props.pdf  used on input l
ine 34.
(pdftex.def)             Requested size: 231.2979pt x 162.04257pt.
<../plots/4_7/emancipation_props.pdf, id=495, 512.91624pt x 359.3425pt>
File: ../plots/4_7/emancipation_props.pdf Graphic file (type pdf)
<use ../plots/4_7/emancipation_props.pdf>
Package pdftex.def Info: ../plots/4_7/emancipation_props.pdf  used on input lin
e 37.
(pdftex.def)             Requested size: 231.2979pt x 162.04257pt.
 [43 <../plots/4_7/climate_summit_props.pdf> <../plots/4_7/emancipation_props.p
df

pdfTeX warning: pdflatex (file ../plots/4_7/emancipation_props.pdf): PDF inclus
ion: multiple pdfs with page group included in a single page
>]
<../plots/4_7/climate_summit_ate.pdf, id=526, 512.91624pt x 359.3425pt>
File: ../plots/4_7/climate_summit_ate.pdf Graphic file (type pdf)
<use ../plots/4_7/climate_summit_ate.pdf>
Package pdftex.def Info: ../plots/4_7/climate_summit_ate.pdf  used on input lin
e 55.
(pdftex.def)             Requested size: 231.2979pt x 162.04257pt.
<../plots/4_7/emancipation_ate.pdf, id=527, 512.91624pt x 359.3425pt>
File: ../plots/4_7/emancipation_ate.pdf Graphic file (type pdf)
<use ../plots/4_7/emancipation_ate.pdf>
Package pdftex.def Info: ../plots/4_7/emancipation_ate.pdf  used on input line 
58.
(pdftex.def)             Requested size: 231.2979pt x 162.04257pt.
) [44 <../plots/4_7/climate_summit_ate.pdf> <../plots/4_7/emancipation_ate.pdf

pdfTeX warning: pdflatex (file ../plots/4_7/emancipation_ate.pdf): PDF inclusio
n: multiple pdfs with page group included in a single page
>] (kapitel/5_conclusion.tex) [45

] (kapitel/appendix1_variational_inference.tex [46] [47]) (kapitel/appendix2_ad
ditional_plots.tex
<../plots/appendix/4_4/beta_t3_cont.pdf, id=567, 497.86pt x 382.42876pt>
File: ../plots/appendix/4_4/beta_t3_cont.pdf Graphic file (type pdf)
<use ../plots/appendix/4_4/beta_t3_cont.pdf>
Package pdftex.def Info: ../plots/appendix/4_4/beta_t3_cont.pdf  used on input 
line 8.
(pdftex.def)             Requested size: 188.8096pt x 145.03265pt.
<../plots/appendix/4_4/beta_t4_cont.pdf, id=568, 497.86pt x 312.16624pt>
File: ../plots/appendix/4_4/beta_t4_cont.pdf Graphic file (type pdf)
<use ../plots/appendix/4_4/beta_t4_cont.pdf>
Package pdftex.def Info: ../plots/appendix/4_4/beta_t4_cont.pdf  used on input 
line 11.
(pdftex.def)             Requested size: 188.8096pt x 118.38623pt.
<../plots/appendix/4_4/beta_t3_cat.pdf, id=569, 497.86pt x 382.42876pt>
File: ../plots/appendix/4_4/beta_t3_cat.pdf Graphic file (type pdf)
<use ../plots/appendix/4_4/beta_t3_cat.pdf>
Package pdftex.def Info: ../plots/appendix/4_4/beta_t3_cat.pdf  used on input l
ine 20.
(pdftex.def)             Requested size: 188.8096pt x 145.03265pt.
<../plots/appendix/4_4/beta_t4_cat.pdf, id=570, 497.86pt x 312.16624pt>
File: ../plots/appendix/4_4/beta_t4_cat.pdf Graphic file (type pdf)
<use ../plots/appendix/4_4/beta_t4_cat.pdf>
Package pdftex.def Info: ../plots/appendix/4_4/beta_t4_cat.pdf  used on input l
ine 23.
(pdftex.def)             Requested size: 188.8096pt x 118.38623pt.
<../plots/appendix/4_4/beta_t134_cat.pdf, id=571, 578.16pt x 443.6575pt>
File: ../plots/appendix/4_4/beta_t134_cat.pdf Graphic file (type pdf)
<use ../plots/appendix/4_4/beta_t134_cat.pdf>
Package pdftex.def Info: ../plots/appendix/4_4/beta_t134_cat.pdf  used on input
 line 32.
(pdftex.def)             Requested size: 289.07928pt x 221.8282pt.


LaTeX Warning: `!h' float specifier changed to `!ht'.

<../plots/appendix/4_4/direct_t4_without_credible.pdf, id=572, 497.86pt x 382.4
2876pt>
File: ../plots/appendix/4_4/direct_t4_without_credible.pdf Graphic file (type p
df)
<use ../plots/appendix/4_4/direct_t4_without_credible.pdf>
Package pdftex.def Info: ../plots/appendix/4_4/direct_t4_without_credible.pdf  
used on input line 40.
(pdftex.def)             Requested size: 141.61081pt x 108.7774pt.
<../plots/appendix/4_4/direct_t4_with_credible.pdf, id=573, 497.86pt x 382.4287
6pt>
File: ../plots/appendix/4_4/direct_t4_with_credible.pdf Graphic file (type pdf)

<use ../plots/appendix/4_4/direct_t4_with_credible.pdf>
Package pdftex.def Info: ../plots/appendix/4_4/direct_t4_with_credible.pdf  use
d on input line 43.
(pdftex.def)             Requested size: 141.61081pt x 108.7774pt.
<../plots/appendix/4_4/direct_t4_cat.pdf, id=574, 497.86pt x 382.42876pt>
File: ../plots/appendix/4_4/direct_t4_cat.pdf Graphic file (type pdf)
<use ../plots/appendix/4_4/direct_t4_cat.pdf>
Package pdftex.def Info: ../plots/appendix/4_4/direct_t4_cat.pdf  used on input
 line 46.
(pdftex.def)             Requested size: 141.61081pt x 108.7774pt.

LaTeX Warning: `!h' float specifier changed to `!ht'.

) [48 <../plots/appendix/4_4/beta_t3_cont.pdf> <../plots/appendix/4_4/beta_t4_c
ont.pdf

pdfTeX warning: pdflatex (file ../plots/appendix/4_4/beta_t4_cont.pdf): PDF inc
lusion: multiple pdfs with page group included in a single page
> <../plots/appendix/4_4/beta_t3_cat.pdf

pdfTeX warning: pdflatex (file ../plots/appendix/4_4/beta_t3_cat.pdf): PDF incl
usion: multiple pdfs with page group included in a single page
> <../plots/appendix/4_4/beta_t4_cat.pdf

pdfTeX warning: pdflatex (file ../plots/appendix/4_4/beta_t4_cat.pdf): PDF incl
usion: multiple pdfs with page group included in a single page
>] [49 <../plots/appendix/4_4/beta_t134_cat.pdf> <../plots/appendix/4_4/direct_
t4_without_credible.pdf

pdfTeX warning: pdflatex (file ../plots/appendix/4_4/direct_t4_without_credible
.pdf): PDF inclusion: multiple pdfs with page group included in a single page
> <../plots/appendix/4_4/direct_t4_with_credible.pdf

pdfTeX warning: pdflatex (file ../plots/appendix/4_4/direct_t4_with_credible.pd
f): PDF inclusion: multiple pdfs with page group included in a single page
> <../plots/appendix/4_4/direct_t4_cat.pdf

pdfTeX warning: pdflatex (file ../plots/appendix/4_4/direct_t4_cat.pdf): PDF in
clusion: multiple pdfs with page group included in a single page
>] (consulting_master.bbl [50

] [51]) [52] (consulting_master.aux
(kapitel/1_introduction.aux) (kapitel/2_theoretical_framework.aux)
(kapitel/3_data.aux) (kapitel/4_1-3_global_analysis.aux)
(kapitel/4_4_covariate_analysis.aux) (kapitel/4_5_topical_content.aux)
(kapitel/4_6_ctm.aux) (kapitel/4_7_train_test.aux))

LaTeX Warning: There were multiply-defined labels.

 ) 
Here is how much of TeX's memory you used:
 7440 strings out of 480930
 123562 string characters out of 2899761
 369384 words of memory out of 3000000
 23069 multiletter control sequences out of 15000+200000
 563268 words of font info for 100 fonts, out of 3000000 for 9000
 1141 hyphenation exceptions out of 8191
 45i,15n,47p,2290b,435s stack positions out of 5000i,500n,10000p,200000b,50000s
 <C:\Users\Simon\AppData\Local\MiKTeX\2.9\fonts/pk/ljfour/jknappen/ec/dpi600\
ecrm0600.pk> <C:\Users\Simon\AppData\Local\MiKTeX\2.9\fonts/pk/ljfour/jknappen/
ec/dpi600\ecti1095.pk> <C:\Users\Simon\AppData\Local\MiKTeX\2.9\fonts/pk/ljfour
/jknappen/ec/dpi600\ecbi1200.pk> <C:\Users\Simon\AppData\Local\MiKTeX\2.9\fonts
/pk/ljfour/jknappen/ec/dpi600\ecti1000.pk> <C:\Users\Simon\AppData\Local\MiKTeX
\2.9\fonts/pk/ljfour/jknappen/ec/dpi600\ecrm1000.pk> <C:\Users\Simon\AppData\Lo
cal\MiKTeX\2.9\fonts/pk/ljfour/jknappen/ec/dpi600\ecrm0700.pk> <C:\Users\Simon\
AppData\Local\MiKTeX\2.9\fonts/pk/ljfour/jknappen/ec/dpi600\ecrm0800.pk> <C:\Us
ers\Simon\AppData\Local\MiKTeX\2.9\fonts/pk/ljfour/jknappen/ec/dpi600\tcrm1200.
pk> <C:\Users\Simon\AppData\Local\MiKTeX\2.9\fonts/pk/ljfour/jknappen/ec/dpi600
\ecbx1440.pk> <C:\Users\Simon\AppData\Local\MiKTeX\2.9\fonts/pk/ljfour/jknappen
/ec/dpi600\ecti1200.pk> <C:\Users\Simon\AppData\Local\MiKTeX\2.9\fonts/pk/ljfou
r/jknappen/ec/dpi600\ecbx1200.pk> <C:\Users\Simon\AppData\Local\MiKTeX\2.9\font
s/pk/ljfour/jknappen/ec/dpi600\ecbx1728.pk> <C:\Users\Simon\AppData\Local\MiKTe
X\2.9\fonts/pk/ljfour/jknappen/ec/dpi600\ecrm1440.pk> <C:\Users\Simon\AppData\L
ocal\MiKTeX\2.9\fonts/pk/ljfour/jknappen/ec/dpi600\ecrm1200.pk> <C:\Users\Simon
\AppData\Local\MiKTeX\2.9\fonts/pk/ljfour/jknappen/ec/dpi600\ecrm1095.pk> <C:\U
sers\Simon\AppData\Local\MiKTeX\2.9\fonts/pk/ljfour/jknappen/ec/dpi600\ecbx1095
.pk> <C:\Users\Simon\AppData\Local\MiKTeX\2.9\fonts/pk/ljfour/jknappen/ec/dpi60
0\ecti1728.pk> <C:\Users\Simon\AppData\Local\MiKTeX\2.9\fonts/pk/ljfour/jknappe
n/ec/dpi600\ecrm1728.pk> <C:\Users\Simon\AppData\Local\MiKTeX\2.9\fonts/pk/ljfo
ur/jknappen/ec/dpi600\ecbx2488.pk> <C:\Users\Simon\AppData\Local\MiKTeX\2.9\fon
ts/pk/ljfour/jknappen/ec/dpi600\eccc1728.pk> <C:\Users\Simon\AppData\Local\MiKT
eX\2.9\fonts/pk/ljfour/jknappen/ec/dpi600\eccc2074.pk><C:/Users/Simon/AppData/L
ocal/Programs/MiKTeX 2.9/fonts/type1/public/amsfonts/cm/cmbx12.pfb><C:/Users/Si
mon/AppData/Local/Programs/MiKTeX 2.9/fonts/type1/public/amsfonts/cm/cmbx8.pfb>
<C:/Users/Simon/AppData/Local/Programs/MiKTeX 2.9/fonts/type1/public/amsfonts/c
m/cmex10.pfb><C:/Users/Simon/AppData/Local/Programs/MiKTeX 2.9/fonts/type1/publ
ic/amsfonts/cmextra/cmex8.pfb><C:/Users/Simon/AppData/Local/Programs/MiKTeX 2.9
/fonts/type1/public/amsfonts/cm/cmmi10.pfb><C:/Users/Simon/AppData/Local/Progra
ms/MiKTeX 2.9/fonts/type1/public/amsfonts/cm/cmmi12.pfb><C:/Users/Simon/AppData
/Local/Programs/MiKTeX 2.9/fonts/type1/public/amsfonts/cm/cmmi6.pfb><C:/Users/S
imon/AppData/Local/Programs/MiKTeX 2.9/fonts/type1/public/amsfonts/cm/cmmi7.pfb
><C:/Users/Simon/AppData/Local/Programs/MiKTeX 2.9/fonts/type1/public/amsfonts/
cm/cmmi8.pfb><C:/Users/Simon/AppData/Local/Programs/MiKTeX 2.9/fonts/type1/publ
ic/amsfonts/cm/cmr10.pfb><C:/Users/Simon/AppData/Local/Programs/MiKTeX 2.9/font
s/type1/public/amsfonts/cm/cmr12.pfb><C:/Users/Simon/AppData/Local/Programs/MiK
TeX 2.9/fonts/type1/public/amsfonts/cm/cmr6.pfb><C:/Users/Simon/AppData/Local/P
rograms/MiKTeX 2.9/fonts/type1/public/amsfonts/cm/cmr7.pfb><C:/Users/Simon/AppD
ata/Local/Programs/MiKTeX 2.9/fonts/type1/public/amsfonts/cm/cmr8.pfb><C:/Users
/Simon/AppData/Local/Programs/MiKTeX 2.9/fonts/type1/public/amsfonts/cm/cmsy10.
pfb><C:/Users/Simon/AppData/Local/Programs/MiKTeX 2.9/fonts/type1/public/amsfon
ts/cm/cmsy6.pfb><C:/Users/Simon/AppData/Local/Programs/MiKTeX 2.9/fonts/type1/p
ublic/amsfonts/cm/cmsy7.pfb><C:/Users/Simon/AppData/Local/Programs/MiKTeX 2.9/f
onts/type1/public/amsfonts/cm/cmsy8.pfb><C:/Users/Simon/AppData/Local/Programs/
MiKTeX 2.9/fonts/type1/public/amsfonts/symbols/msbm10.pfb>
Output written on consulting_master.pdf (53 pages, 1632516 bytes).
PDF statistics:
 1428 PDF objects out of 1440 (max. 8388607)
 0 named destinations out of 1000 (max. 500000)
 181 words of extra memory for PDF output out of 10000 (max. 10000000)

